<?xml version="1.0" encoding="UTF-8"?>
<!-- Generated by org.testng.reporters.JUnitReportReporter -->
<testsuite hostname="Nitinshetty" failures="0" tests="1" name="TestNgPrograms.Testng" time="0.012" errors="0" timestamp="2024-09-21T14:19:17 IST" skipped="0">
  <testcase classname="TestNgPrograms.Testng" name="a1" time="0.012"/>
  <system-out/>
</testsuite> <!-- TestNgPrograms.Testng -->
