<?xml version="1.0" encoding="UTF-8"?>
<!-- Generated by org.testng.reporters.JUnitReportReporter -->
<testsuite hostname="Nitinshetty" failures="0" tests="1" name="TestNgPrograms.Post" time="0.042" errors="0" timestamp="2024-10-19T15:22:05 IST" skipped="0">
  <testcase classname="TestNgPrograms.Post" name="beforeSuite4" time="0.042"/>
  <system-out>
    <![CDATA[sanity]]>
  </system-out>
</testsuite> <!-- TestNgPrograms.Post -->
