<?xml version="1.0" encoding="UTF-8"?>
<!-- Generated by org.testng.reporters.JUnitReportReporter -->
<testsuite hostname="Nitinshetty" failures="0" tests="18" name="TestNgPrograms.Priority" time="0.039" errors="0" timestamp="2024-09-21T15:56:02 IST" skipped="0">
  <testcase classname="TestNgPrograms.Priority" name="createuser" time="0.001"/>
  <system-out>
    <![CDATA[Helloc]]>
  </system-out>
  <testcase classname="TestNgPrograms.Priority" name="createuser" time="0.002"/>
  <system-out>
    <![CDATA[Helloa]]>
  </system-out>
  <testcase classname="TestNgPrograms.Priority" name="createuser" time="0.001"/>
  <system-out>
    <![CDATA[Helloc]]>
  </system-out>
  <testcase classname="TestNgPrograms.Priority" name="createuser" time="0.001"/>
  <system-out>
    <![CDATA[Hellob]]>
  </system-out>
  <testcase classname="TestNgPrograms.Priority" name="createuser" time="0.001"/>
  <system-out>
    <![CDATA[Helloc]]>
  </system-out>
  <testcase classname="TestNgPrograms.Priority" name="createuser" time="0.016"/>
  <system-out>
    <![CDATA[Helloa]]>
  </system-out>
  <testcase classname="TestNgPrograms.Priority" name="createuser" time="0.000"/>
  <system-out>
    <![CDATA[Hellob]]>
  </system-out>
  <testcase classname="TestNgPrograms.Priority" name="createuser" time="0.002"/>
  <system-out>
    <![CDATA[Helloa]]>
  </system-out>
  <testcase classname="TestNgPrograms.Priority" name="createuser" time="0.002"/>
  <system-out>
    <![CDATA[Hellob]]>
  </system-out>
  <testcase classname="TestNgPrograms.Priority" name="createuser" time="0.001"/>
  <system-out>
    <![CDATA[Helloc]]>
  </system-out>
  <testcase classname="TestNgPrograms.Priority" name="createuser" time="0.002"/>
  <system-out>
    <![CDATA[Helloc]]>
  </system-out>
  <testcase classname="TestNgPrograms.Priority" name="createuser" time="0.001"/>
  <system-out>
    <![CDATA[Helloc]]>
  </system-out>
  <testcase classname="TestNgPrograms.Priority" name="createuser" time="0.001"/>
  <system-out>
    <![CDATA[Hellob]]>
  </system-out>
  <testcase classname="TestNgPrograms.Priority" name="createuser" time="0.002"/>
  <system-out>
    <![CDATA[Helloa]]>
  </system-out>
  <testcase classname="TestNgPrograms.Priority" name="createuser" time="0.002"/>
  <system-out>
    <![CDATA[Hellob]]>
  </system-out>
  <testcase classname="TestNgPrograms.Priority" name="createuser" time="0.001"/>
  <system-out>
    <![CDATA[Hellob]]>
  </system-out>
  <testcase classname="TestNgPrograms.Priority" name="createuser" time="0.002"/>
  <system-out>
    <![CDATA[Helloa]]>
  </system-out>
  <testcase classname="TestNgPrograms.Priority" name="createuser" time="0.001"/>
  <system-out>
    <![CDATA[Helloa]]>
  </system-out>
</testsuite> <!-- TestNgPrograms.Priority -->
