<?xml version="1.0" encoding="UTF-8"?>
<!-- Generated by org.testng.reporters.JUnitReportReporter -->
<testsuite hostname="Nitinshetty" failures="0" tests="1" name="TestNgPrograms.Post1" time="0.014" errors="0" timestamp="2024-10-19T15:21:11 IST" skipped="0">
  <testcase classname="TestNgPrograms.Post1" name="beforeSuite4" time="0.014"/>
  <system-out>
    <![CDATA[beforeSuite]]>
  </system-out>
</testsuite> <!-- TestNgPrograms.Post1 -->
