<?xml version="1.0" encoding="UTF-8"?>
<!-- Generated by org.testng.reporters.JUnitReportReporter -->
<testsuite hostname="Nitinshetty" failures="0" tests="8" name="TestNgPrograms.TestngPractice" time="0.029" errors="0" timestamp="2024-10-19T14:12:37 IST" skipped="0">
  <testcase classname="TestNgPrograms.TestngPractice" name="Logout" time="0.016"/>
  <system-out>
    <![CDATA[op]]>
  </system-out>
  <testcase classname="TestNgPrograms.TestngPractice" name="login" time="0.003"/>
  <system-out>
    <![CDATA[Hello]]>
  </system-out>
  <testcase classname="TestNgPrograms.TestngPractice" name="createuser" time="0.003"/>
  <system-out>
    <![CDATA[World]]>
  </system-out>
  <testcase classname="TestNgPrograms.TestngPractice" name="createuser" time="0.002"/>
  <system-out>
    <![CDATA[World]]>
  </system-out>
  <testcase classname="TestNgPrograms.TestngPractice" name="createuser" time="0.001"/>
  <system-out>
    <![CDATA[World]]>
  </system-out>
  <testcase classname="TestNgPrograms.TestngPractice" name="createuser" time="0.001"/>
  <system-out>
    <![CDATA[World]]>
  </system-out>
  <testcase classname="TestNgPrograms.TestngPractice" name="createuser" time="0.002"/>
  <system-out>
    <![CDATA[World]]>
  </system-out>
  <testcase classname="TestNgPrograms.TestngPractice" name="createuser" time="0.001"/>
  <system-out>
    <![CDATA[World]]>
  </system-out>
</testsuite> <!-- TestNgPrograms.TestngPractice -->
