<?xml version="1.0" encoding="UTF-8"?>
<!-- Generated by org.testng.reporters.JUnitReportReporter -->
<testsuite hostname="Nitinshetty" failures="0" tests="3" name="TestNgPrograms.BeforeSuite" time="0.013" errors="0" timestamp="2024-09-22T08:22:27 IST" skipped="0">
  <testcase classname="TestNgPrograms.BeforeSuite" name="updateUser" time="0.003"/>
  <system-out>
    <![CDATA[updateUser]]>
  </system-out>
  <testcase classname="TestNgPrograms.BeforeSuite" name="changeDP" time="0.007"/>
  <system-out>
    <![CDATA[changeDP]]>
  </system-out>
  <testcase classname="TestNgPrograms.BeforeSuite" name="deleteProfile" time="0.003"/>
  <system-out>
    <![CDATA[deleteProfile]]>
  </system-out>
</testsuite> <!-- TestNgPrograms.BeforeSuite -->
